<?xml version="1.0" encoding="UTF-8"?>
<!-- Generated by org.testng.reporters.JUnitReportReporter -->
<testsuite hostname="macs-MacBook-Air.local" failures="0" tests="1" name="TestB_Stores" time="4.241" errors="0" timestamp="2021-03-25T03:27:37 EET" skipped="0">
  <testcase classname="TestB_Stores" name="test_PostStores" time="4.241"/>
  <system-out/>
</testsuite> <!-- TestB_Stores -->
