<?xml version="1.0" encoding="UTF-8"?>
<!-- Generated by org.testng.reporters.JUnitReportReporter -->
<testsuite hostname="macs-MacBook-Air.local" failures="0" tests="3" name="Test01_GET" time="6.231" errors="0" timestamp="2021-03-24T23:15:07 EET" skipped="0">
  <testcase classname="Test01_GET" name="test03" time="0.313"/>
  <system-out/>
  <testcase classname="Test01_GET" name="test02" time="5.652"/>
  <system-out/>
  <testcase classname="Test01_GET" name="test_01" time="0.266"/>
  <system-out/>
</testsuite> <!-- Test01_GET -->
