<?xml version="1.0" encoding="UTF-8"?>
<!-- Generated by org.testng.reporters.JUnitReportReporter -->
<testsuite hostname="macs-MacBook-Air.local" failures="0" tests="1" name="Tests_POST" time="4.608" errors="0" timestamp="2021-03-24T23:01:14 EET" skipped="0">
  <testcase classname="Tests_POST" name="test02_put" time="4.608"/>
  <system-out/>
</testsuite> <!-- Tests_POST -->
