<?xml version="1.0" encoding="UTF-8"?>
<!-- Generated by org.testng.reporters.JUnitReportReporter -->
<testsuite hostname="macs-MacBook-Air.local" failures="0" tests="1" name="TestA_Products" time="3.636" errors="0" timestamp="2021-03-25T03:35:51 EET" skipped="0">
  <testcase classname="TestA_Products" name="test_PostProductswithoutRequiredName" time="3.636"/>
  <system-out/>
</testsuite> <!-- TestA_Products -->
