<?xml version="1.0" encoding="UTF-8"?>
<!-- Generated by org.testng.reporters.JUnitReportReporter -->
<testsuite hostname="macs-MacBook-Air.local" failures="0" tests="1" name="TestC_Services" time="3.870" errors="0" timestamp="2021-03-25T03:34:15 EET" skipped="0">
  <testcase classname="TestC_Services" name="testPatch" time="3.870"/>
  <system-out/>
</testsuite> <!-- TestC_Services -->
