<?xml version="1.0" encoding="UTF-8"?>
<!-- Generated by org.testng.reporters.JUnitReportReporter -->
<testsuite hostname="macs-MacBook-Air.local" failures="0" tests="1" name="TestA_GET" time="6.905" errors="0" timestamp="2021-03-25T00:00:27 EET" skipped="0">
  <testcase classname="TestA_GET" name="test_GetID" time="6.905"/>
  <system-out/>
</testsuite> <!-- TestA_GET -->
