<?xml version="1.0" encoding="UTF-8"?>
<!-- Generated by org.testng.reporters.JUnitReportReporter -->
<testsuite hostname="macs-MacBook-Air.local" failures="0" tests="1" name="TestD_Categories" time="5.124" errors="0" timestamp="2021-03-25T03:25:20 EET" skipped="0">
  <testcase classname="TestD_Categories" name="PostNonUniqueId" time="5.124"/>
  <system-out/>
</testsuite> <!-- TestD_Categories -->
